<?xml version="1.0" encoding="UTF-8"?>
<testng-results ignored="6" total="8" passed="2" failed="0" skipped="0">
  <reporter-output>
  </reporter-output>
  <suite started-at="2025-02-27T06:06:13Z" name="Suite" finished-at="2025-02-27T06:07:09Z" duration-ms="55805">
    <groups>
      <group name="regressionTest">
        <method signature="CreateContactTest.createContactWithOrg()[pri:0, instance:com.comcast.crm.contacttest.CreateContactTest@60df60da]" name="createContactWithOrg" class="com.comcast.crm.contacttest.CreateContactTest"/>
      </group> <!-- regressionTest -->
      <group name="smokeTest">
        <method signature="CreateOrganisationTest.createOrganisationTest()[pri:0, instance:com.comcast.crm.orgtest.CreateOrganisationTest@5a2d131d]" name="createOrganisationTest" class="com.comcast.crm.orgtest.CreateOrganisationTest"/>
      </group> <!-- smokeTest -->
    </groups>
    <test started-at="2025-02-27T06:06:13Z" name="Test" finished-at="2025-02-27T06:07:09Z" duration-ms="55805">
      <class name="com.comcast.crm.orgtest.CreateOrganisationTest">
        <test-method is-config="true" signature="congigBC()[pri:0, instance:com.comcast.crm.orgtest.CreateOrganisationTest@5a2d131d]" started-at="2025-02-27T06:06:48Z" name="congigBC" finished-at="2025-02-27T06:06:51Z" duration-ms="3071" status="PASS">
          <reporter-output>
          </reporter-output>
        </test-method> <!-- congigBC -->
        <test-method is-config="true" signature="congigBM()[pri:0, instance:com.comcast.crm.orgtest.CreateOrganisationTest@5a2d131d]" started-at="2025-02-27T06:06:51Z" name="congigBM" finished-at="2025-02-27T06:06:55Z" duration-ms="3643" status="PASS">
          <reporter-output>
          </reporter-output>
        </test-method> <!-- congigBM -->
        <test-method signature="createOrganisationTest()[pri:0, instance:com.comcast.crm.orgtest.CreateOrganisationTest@5a2d131d]" started-at="2025-02-27T06:06:55Z" name="createOrganisationTest" finished-at="2025-02-27T06:07:07Z" duration-ms="12100" status="PASS">
          <reporter-output>
          </reporter-output>
        </test-method> <!-- createOrganisationTest -->
        <test-method is-config="true" signature="congigAM()[pri:0, instance:com.comcast.crm.orgtest.CreateOrganisationTest@5a2d131d]" started-at="2025-02-27T06:07:07Z" name="congigAM" finished-at="2025-02-27T06:07:09Z" duration-ms="1725" status="PASS">
          <reporter-output>
          </reporter-output>
        </test-method> <!-- congigAM -->
        <test-method is-config="true" signature="congigAC()[pri:0, instance:com.comcast.crm.orgtest.CreateOrganisationTest@5a2d131d]" started-at="2025-02-27T06:07:09Z" name="congigAC" finished-at="2025-02-27T06:07:09Z" duration-ms="307" status="PASS">
          <reporter-output>
          </reporter-output>
        </test-method> <!-- congigAC -->
      </class> <!-- com.comcast.crm.orgtest.CreateOrganisationTest -->
      <class name="com.comcast.crm.contacttest.CreateContactTest">
        <test-method is-config="true" signature="congigBS()[pri:0, instance:com.comcast.crm.contacttest.CreateContactTest@60df60da]" started-at="2025-02-27T06:06:00Z" name="congigBS" finished-at="2025-02-27T06:06:13Z" duration-ms="13339" status="PASS">
          <reporter-output>
          </reporter-output>
        </test-method> <!-- congigBS -->
        <test-method is-config="true" signature="congigBC()[pri:0, instance:com.comcast.crm.contacttest.CreateContactTest@60df60da]" started-at="2025-02-27T06:06:13Z" name="congigBC" finished-at="2025-02-27T06:06:17Z" duration-ms="3863" status="PASS">
          <reporter-output>
          </reporter-output>
        </test-method> <!-- congigBC -->
        <test-method is-config="true" signature="congigBM()[pri:0, instance:com.comcast.crm.contacttest.CreateContactTest@60df60da]" started-at="2025-02-27T06:06:17Z" name="congigBM" finished-at="2025-02-27T06:06:21Z" duration-ms="3493" status="PASS">
          <reporter-output>
          </reporter-output>
        </test-method> <!-- congigBM -->
        <test-method signature="createContactWithOrg()[pri:0, instance:com.comcast.crm.contacttest.CreateContactTest@60df60da]" started-at="2025-02-27T06:06:21Z" name="createContactWithOrg" finished-at="2025-02-27T06:06:46Z" duration-ms="25038" status="PASS">
          <reporter-output>
          </reporter-output>
        </test-method> <!-- createContactWithOrg -->
        <test-method is-config="true" signature="congigAM()[pri:0, instance:com.comcast.crm.contacttest.CreateContactTest@60df60da]" started-at="2025-02-27T06:06:46Z" name="congigAM" finished-at="2025-02-27T06:06:48Z" duration-ms="2172" status="PASS">
          <reporter-output>
          </reporter-output>
        </test-method> <!-- congigAM -->
        <test-method is-config="true" signature="congigAC()[pri:0, instance:com.comcast.crm.contacttest.CreateContactTest@60df60da]" started-at="2025-02-27T06:06:48Z" name="congigAC" finished-at="2025-02-27T06:06:48Z" duration-ms="328" status="PASS">
          <reporter-output>
          </reporter-output>
        </test-method> <!-- congigAC -->
        <test-method is-config="true" signature="congigAS()[pri:0, instance:com.comcast.crm.contacttest.CreateContactTest@60df60da]" started-at="2025-02-27T06:07:09Z" name="congigAS" finished-at="2025-02-27T06:07:09Z" duration-ms="14" status="PASS">
          <reporter-output>
          </reporter-output>
        </test-method> <!-- congigAS -->
      </class> <!-- com.comcast.crm.contacttest.CreateContactTest -->
    </test> <!-- Test -->
  </suite> <!-- Suite -->
</testng-results>
