<?xml version="1.0" encoding="UTF-8"?>
<testng-results ignored="6" total="8" passed="2" failed="0" skipped="0">
  <reporter-output>
  </reporter-output>
  <suite started-at="2025-02-27T06:55:31Z" name="Suite" finished-at="2025-02-27T06:56:07Z" duration-ms="35939">
    <groups>
      <group name="regressionTest">
        <method signature="CreateContactTest.createContactTest()[pri:0, instance:com.comcast.crm.contacttest.CreateContactTest@729d991e]" name="createContactTest" class="com.comcast.crm.contacttest.CreateContactTest"/>
      </group> <!-- regressionTest -->
      <group name="smokeTest">
        <method signature="CreateContactTest.createContactTest()[pri:0, instance:com.comcast.crm.contacttest.CreateContactTest@729d991e]" name="createContactTest" class="com.comcast.crm.contacttest.CreateContactTest"/>
        <method signature="CreateOrganisationTest.createOrganisationTest()[pri:0, instance:com.comcast.crm.orgtest.CreateOrganisationTest@31fa1761]" name="createOrganisationTest" class="com.comcast.crm.orgtest.CreateOrganisationTest"/>
      </group> <!-- smokeTest -->
    </groups>
    <test started-at="2025-02-27T06:55:31Z" name="Test" finished-at="2025-02-27T06:56:07Z" duration-ms="35939">
      <class name="com.comcast.crm.orgtest.CreateOrganisationTest">
        <test-method is-config="true" signature="congigBC()[pri:0, instance:com.comcast.crm.orgtest.CreateOrganisationTest@31fa1761]" started-at="2025-02-27T06:55:52Z" name="congigBC" finished-at="2025-02-27T06:55:56Z" duration-ms="3355" status="PASS">
          <reporter-output>
          </reporter-output>
        </test-method> <!-- congigBC -->
        <test-method is-config="true" signature="congigBM()[pri:0, instance:com.comcast.crm.orgtest.CreateOrganisationTest@31fa1761]" started-at="2025-02-27T06:55:56Z" name="congigBM" finished-at="2025-02-27T06:55:59Z" duration-ms="3520" status="PASS">
          <reporter-output>
          </reporter-output>
        </test-method> <!-- congigBM -->
        <test-method signature="createOrganisationTest()[pri:0, instance:com.comcast.crm.orgtest.CreateOrganisationTest@31fa1761]" started-at="2025-02-27T06:55:59Z" name="createOrganisationTest" finished-at="2025-02-27T06:56:05Z" duration-ms="5278" status="PASS">
          <reporter-output>
          </reporter-output>
        </test-method> <!-- createOrganisationTest -->
        <test-method is-config="true" signature="congigAM()[pri:0, instance:com.comcast.crm.orgtest.CreateOrganisationTest@31fa1761]" started-at="2025-02-27T06:56:05Z" name="congigAM" finished-at="2025-02-27T06:56:06Z" duration-ms="1041" status="PASS">
          <reporter-output>
          </reporter-output>
        </test-method> <!-- congigAM -->
        <test-method is-config="true" signature="congigAC()[pri:0, instance:com.comcast.crm.orgtest.CreateOrganisationTest@31fa1761]" started-at="2025-02-27T06:56:06Z" name="congigAC" finished-at="2025-02-27T06:56:07Z" duration-ms="1382" status="PASS">
          <reporter-output>
          </reporter-output>
        </test-method> <!-- congigAC -->
      </class> <!-- com.comcast.crm.orgtest.CreateOrganisationTest -->
      <class name="com.comcast.crm.contacttest.CreateContactTest">
        <test-method is-config="true" signature="congigBS()[pri:0, instance:com.comcast.crm.contacttest.CreateContactTest@729d991e]" started-at="2025-02-27T06:55:18Z" name="congigBS" finished-at="2025-02-27T06:55:31Z" duration-ms="13319" status="PASS">
          <reporter-output>
          </reporter-output>
        </test-method> <!-- congigBS -->
        <test-method is-config="true" signature="congigBC()[pri:0, instance:com.comcast.crm.contacttest.CreateContactTest@729d991e]" started-at="2025-02-27T06:55:31Z" name="congigBC" finished-at="2025-02-27T06:55:41Z" duration-ms="9784" status="PASS">
          <reporter-output>
          </reporter-output>
        </test-method> <!-- congigBC -->
        <test-method is-config="true" signature="congigBM()[pri:0, instance:com.comcast.crm.contacttest.CreateContactTest@729d991e]" started-at="2025-02-27T06:55:41Z" name="congigBM" finished-at="2025-02-27T06:55:44Z" duration-ms="3052" status="PASS">
          <reporter-output>
          </reporter-output>
        </test-method> <!-- congigBM -->
        <test-method signature="createContactTest()[pri:0, instance:com.comcast.crm.contacttest.CreateContactTest@729d991e]" started-at="2025-02-27T06:55:44Z" name="createContactTest" finished-at="2025-02-27T06:55:50Z" duration-ms="6093" status="PASS">
          <reporter-output>
          </reporter-output>
        </test-method> <!-- createContactTest -->
        <test-method is-config="true" signature="congigAM()[pri:0, instance:com.comcast.crm.contacttest.CreateContactTest@729d991e]" started-at="2025-02-27T06:55:50Z" name="congigAM" finished-at="2025-02-27T06:55:51Z" duration-ms="964" status="PASS">
          <reporter-output>
          </reporter-output>
        </test-method> <!-- congigAM -->
        <test-method is-config="true" signature="congigAC()[pri:0, instance:com.comcast.crm.contacttest.CreateContactTest@729d991e]" started-at="2025-02-27T06:55:51Z" name="congigAC" finished-at="2025-02-27T06:55:52Z" duration-ms="1426" status="PASS">
          <reporter-output>
          </reporter-output>
        </test-method> <!-- congigAC -->
        <test-method is-config="true" signature="congigAS()[pri:0, instance:com.comcast.crm.contacttest.CreateContactTest@729d991e]" started-at="2025-02-27T06:56:07Z" name="congigAS" finished-at="2025-02-27T06:56:07Z" duration-ms="13" status="PASS">
          <reporter-output>
          </reporter-output>
        </test-method> <!-- congigAS -->
      </class> <!-- com.comcast.crm.contacttest.CreateContactTest -->
    </test> <!-- Test -->
  </suite> <!-- Suite -->
</testng-results>
