<?xml version="1.0" encoding="UTF-8"?>
<!-- Generated by org.testng.reporters.JUnitXMLReporter -->
<testsuite ignored="2" hostname="DESKTOP-23IQLTI" failures="0" tests="6" name="TestRunner-Chrome" time="83.902" errors="0" timestamp="04 Mar 2025 05:22:50 GMT">
  <testcase classname="com.comcast.crm.contacttest.CreateContactTest" name="createContactTest" time="9.024"/>
  <testcase classname="com.comcast.crm.contacttest.CreateContactTest" name="createContactWithOrg" time="13.074"/>
  <testcase classname="com.comcast.crm.contacttest.CreateContactTest" name="createContactWithSupportDate" time="5.26"/>
  <testcase classname="com.comcast.crm.orgtest.CreateOrganisationTest" name="createOrgWithIndustries" time="9.564"/>
  <testcase classname="com.comcast.crm.orgtest.CreateOrganisationTest" name="createOrgWithPhoneNumber" time="4.712"/>
  <testcase classname="com.comcast.crm.orgtest.CreateOrganisationTest" name="createOrganisationTest" time="5.464"/>
  <testcase classname="com.comcast.crm.basetest.BaseClass" name="@AfterSuite congigAS" time="0.0">
    <ignored/>
  </testcase> <!-- @AfterSuite congigAS -->
  <testcase classname="com.comcast.crm.basetest.BaseClass" name="@BeforeSuite congigBS" time="0.0">
    <ignored/>
  </testcase> <!-- @BeforeSuite congigBS -->
</testsuite> <!-- TestRunner-Chrome -->
